2023-08-06 06:42:18.028832 - Initialized conversion of CBT720
2023-08-06 06:42:18.466025 - Received CBT.V505.FILE720.PDS from FILE720.XMI 
2023-08-06 06:42:18.468431 - Found $$$#DATE.txt (text/plain) in CBT.V505.FILE720.PDS, moved to PDS/$$$#DATE
2023-08-06 06:42:18.469604 - Found $DIR.txt (text/plain) in CBT.V505.FILE720.PDS, moved to PDS/$DIR
2023-08-06 06:42:18.470576 - Found @FILE720.txt (text/plain) in CBT.V505.FILE720.PDS, moved to PDS/@FILE720
2023-08-06 06:42:18.471572 - Found ALEXCMDS.txt (text/plain) in CBT.V505.FILE720.PDS, moved to PDS/ALEXCMDS
2023-08-06 06:42:18.472650 - Found ALEXTDAT.txt (text/plain) in CBT.V505.FILE720.PDS, moved to PDS/ALEXTDAT
2023-08-06 06:42:18.473686 - Found ALEXT00.txt (text/plain) in CBT.V505.FILE720.PDS, moved to PDS/ALEXT00
2023-08-06 06:42:18.474630 - Found ALXEXCOM.txt (text/plain) in CBT.V505.FILE720.PDS, moved to PDS/ALXEXCOM
2023-08-06 06:42:18.475604 - Found ALXPEXH1.txt (text/plain) in CBT.V505.FILE720.PDS, moved to PDS/ALXPEXH1
2023-08-06 06:42:18.476459 - Found ALXPEXH2.txt (text/plain) in CBT.V505.FILE720.PDS, moved to PDS/ALXPEXH2
2023-08-06 06:42:18.477271 - Found ALXPEXT.txt (text/plain) in CBT.V505.FILE720.PDS, moved to PDS/ALXPEXT
2023-08-06 06:42:18.478246 - Found ALXRCONC.txt (text/plain) in CBT.V505.FILE720.PDS, moved to PDS/ALXRCONC
2023-08-06 06:42:18.479115 - Found ALXRDASD.txt (text/plain) in CBT.V505.FILE720.PDS, moved to PDS/ALXRDASD
2023-08-06 06:42:18.479925 - Found ALXRDDIR.txt (text/plain) in CBT.V505.FILE720.PDS, moved to PDS/ALXRDDIR
2023-08-06 06:42:18.480734 - Found ALXRDOZE.txt (text/plain) in CBT.V505.FILE720.PDS, moved to PDS/ALXRDOZE
2023-08-06 06:42:18.481700 - Found ALXREXT.rexx (text/plain) in CBT.V505.FILE720.PDS, moved to PDS/ALXREXT
2023-08-06 06:42:18.482555 - Found ALXRFNDM.txt (text/plain) in CBT.V505.FILE720.PDS, moved to PDS/ALXRFNDM
2023-08-06 06:42:18.483370 - Found ALXRFNDS.txt (text/plain) in CBT.V505.FILE720.PDS, moved to PDS/ALXRFNDS
2023-08-06 06:42:18.484194 - Found ALXRGETM.txt (text/plain) in CBT.V505.FILE720.PDS, moved to PDS/ALXRGETM
2023-08-06 06:42:18.485040 - Found ALXRPDSC.txt (text/plain) in CBT.V505.FILE720.PDS, moved to PDS/ALXRPDSC
2023-08-06 06:42:18.486045 - Found ALXRQSCN.txt (text/plain) in CBT.V505.FILE720.PDS, moved to PDS/ALXRQSCN
2023-08-06 06:42:18.486882 - Found ALXRWRTM.txt (text/plain) in CBT.V505.FILE720.PDS, moved to PDS/ALXRWRTM
2023-08-06 06:42:18.487841 - Found ALXRWTO.txt (text/plain) in CBT.V505.FILE720.PDS, moved to PDS/ALXRWTO
2023-08-06 06:42:18.488784 - Found ALXRWTOR.txt (text/plain) in CBT.V505.FILE720.PDS, moved to PDS/ALXRWTOR
2023-08-06 06:42:18.489750 - Found ASMLAOPS.jcl (text/plain) in CBT.V505.FILE720.PDS, moved to PDS/ASMLAOPS
2023-08-06 06:42:18.490633 - Found ASMLTABL.jcl (text/plain) in CBT.V505.FILE720.PDS, moved to PDS/ASMLTABL
2023-08-06 06:42:18.491570 - Found ASMLVMXT.jcl (text/plain) in CBT.V505.FILE720.PDS, moved to PDS/ASMLVMXT
2023-08-06 06:42:18.492520 - Found CATCLEAN.txt (text/plain) in CBT.V505.FILE720.PDS, moved to PDS/CATCLEAN
2023-08-06 06:42:18.493364 - Found CBR3750I.rexx (text/plain) in CBT.V505.FILE720.PDS, moved to PDS/CBR3750I
2023-08-06 06:42:18.494334 - Found CLEANPDS.txt (text/plain) in CBT.V505.FILE720.PDS, moved to PDS/CLEANPDS
2023-08-06 06:42:18.495265 - Found COPYISPF.rexx (text/plain) in CBT.V505.FILE720.PDS, moved to PDS/COPYISPF
2023-08-06 06:42:18.496131 - Found COUTCPCM.txt (text/plain) in CBT.V505.FILE720.PDS, moved to PDS/COUTCPCM
2023-08-06 06:42:18.497008 - Found COUTLOGC.txt (text/plain) in CBT.V505.FILE720.PDS, moved to PDS/COUTLOGC
2023-08-06 06:42:18.497976 - Found DASDBOX.rexx (text/plain) in CBT.V505.FILE720.PDS, moved to PDS/DASDBOX
2023-08-06 06:42:18.498830 - Found EZACICSE.txt (text/plain) in CBT.V505.FILE720.PDS, moved to PDS/EZACICSE
2023-08-06 06:42:18.499711 - Found E0016.rexx (text/plain) in CBT.V505.FILE720.PDS, moved to PDS/E0016
2023-08-06 06:42:18.500561 - Found E0017.rexx (text/plain) in CBT.V505.FILE720.PDS, moved to PDS/E0017
2023-08-06 06:42:18.501452 - Found IEAVMXIT.txt (text/plain) in CBT.V505.FILE720.PDS, moved to PDS/IEAVMXIT
2023-08-06 06:42:18.502406 - Found INRECXIT.txt (text/plain) in CBT.V505.FILE720.PDS, moved to PDS/INRECXIT
2023-08-06 06:42:18.503335 - Found LCB.rexx (text/plain) in CBT.V505.FILE720.PDS, moved to PDS/LCB
2023-08-06 06:42:18.504403 - Found MESSAGE.txt (text/plain) in CBT.V505.FILE720.PDS, moved to PDS/MESSAGE
2023-08-06 06:42:18.505506 - Found MSGTABLE.txt (text/plain) in CBT.V505.FILE720.PDS, moved to PDS/MSGTABLE
2023-08-06 06:42:18.506525 - Found OPSAUTO.txt (text/plain) in CBT.V505.FILE720.PDS, moved to PDS/OPSAUTO
2023-08-06 06:42:18.507454 - Found PDSPCLOD.rexx (text/plain) in CBT.V505.FILE720.PDS, moved to PDS/PDSPCLOD
2023-08-06 06:42:18.508436 - Found PDSRELDV.txt (text/plain) in CBT.V505.FILE720.PDS, moved to PDS/PDSRELDV
2023-08-06 06:42:18.509307 - Found PDSUNLDV.txt (text/plain) in CBT.V505.FILE720.PDS, moved to PDS/PDSUNLDV
2023-08-06 06:42:18.510215 - Found SSCLKPDS.txt (text/plain) in CBT.V505.FILE720.PDS, moved to PDS/SSCLKPDS
2023-08-06 06:42:18.511112 - Found SSCUCPDS.txt (text/plain) in CBT.V505.FILE720.PDS, moved to PDS/SSCUCPDS
2023-08-06 06:42:18.511929 - Found SUBTTIME.rexx (text/plain) in CBT.V505.FILE720.PDS, moved to PDS/SUBTTIME
2023-08-06 06:42:18.512767 - Found SYSURDR.txt (text/plain) in CBT.V505.FILE720.PDS, moved to PDS/SYSURDR
2023-08-06 06:42:18.513625 - Found TAPESTCK.txt (text/plain) in CBT.V505.FILE720.PDS, moved to PDS/TAPESTCK
2023-08-06 06:42:18.514608 - Found VARYOFF.rexx (text/plain) in CBT.V505.FILE720.PDS, moved to PDS/VARYOFF
2023-08-06 06:42:18.515477 - Found VARYOFFJ.txt (text/plain) in CBT.V505.FILE720.PDS, moved to PDS/VARYOFFJ
2023-08-06 06:42:18.516278 - Found VARYOFFP.txt (text/plain) in CBT.V505.FILE720.PDS, moved to PDS/VARYOFFP
